Start testing: Oct 11 12:37 K�z�p-eur�pai ny�ri id�
----------------------------------------------------------
1/13 Testing: PawnTests
1/13 Test: PawnTests
Command: "C:/Users/melch/OneDrive/Desktop/cpp_ketto/build/basic_piece_tests.exe" "p"
Directory: C:/Users/melch/OneDrive/Desktop/cpp_ketto/build
"PawnTests" start time: Oct 11 12:37 K�z�p-eur�pai ny�ri id�
Output:
----------------------------------------------------------
Ellenőrzés alatt lévő lépés: (6,1) -> (5,1)
Ellenőrzés alatt lévő lépés: (6,1) -> (4,1)
2 moves found for white pawn at (6,1)
test_white_pawn_initial_double_step passed
test_white_pawn_blocked passed
Ellenőrzés alatt lévő lépés: (6,1) -> (5,1)
Ellenőrzés alatt lévő lépés: (6,1) -> (4,1)
Ellenőrzés alatt lévő lépés: (6,1) -> (5,0)
test_white_pawn_capture passed
All pawn tests passed!
<end of output>
Test time =   0.11 sec
----------------------------------------------------------
Test Passed.
"PawnTests" end time: Oct 11 12:37 K�z�p-eur�pai ny�ri id�
"PawnTests" time elapsed: 00:00:00
----------------------------------------------------------

2/13 Testing: RookTests
2/13 Test: RookTests
Command: "C:/Users/melch/OneDrive/Desktop/cpp_ketto/build/basic_piece_tests.exe" "r"
Directory: C:/Users/melch/OneDrive/Desktop/cpp_ketto/build
"RookTests" start time: Oct 11 12:37 K�z�p-eur�pai ny�ri id�
Output:
----------------------------------------------------------
Ellenőrzés alatt lévő lépés: (7,0) -> (6,0)
Ellenőrzés alatt lévő lépés: (7,0) -> (5,0)
Ellenőrzés alatt lévő lépés: (7,0) -> (4,0)
Ellenőrzés alatt lévő lépés: (7,0) -> (3,0)
Ellenőrzés alatt lévő lépés: (7,0) -> (2,0)
Ellenőrzés alatt lévő lépés: (7,0) -> (1,0)
Ellenőrzés alatt lévő lépés: (7,0) -> (0,0)
Ellenőrzés alatt lévő lépés: (7,0) -> (7,1)
Ellenőrzés alatt lévő lépés: (7,0) -> (7,2)
Ellenőrzés alatt lévő lépés: (7,0) -> (7,3)
Ellenőrzés alatt lévő lépés: (7,0) -> (7,4)
Ellenőrzés alatt lévő lépés: (7,0) -> (7,5)
Ellenőrzés alatt lévő lépés: (7,0) -> (7,6)
Ellenőrzés alatt lévő lépés: (7,0) -> (7,7)
test_rook_open_file passed
Ellenőrzés alatt lévő lépés: (7,0) -> (7,1)
Ellenőrzés alatt lévő lépés: (7,0) -> (7,2)
Ellenőrzés alatt lévő lépés: (7,0) -> (7,3)
Ellenőrzés alatt lévő lépés: (7,0) -> (7,4)
Ellenőrzés alatt lévő lépés: (7,0) -> (7,5)
Ellenőrzés alatt lévő lépés: (7,0) -> (7,6)
Ellenőrzés alatt lévő lépés: (7,0) -> (7,7)
test_rook_blocked_by_own_piece passed
Ellenőrzés alatt lévő lépés: (7,0) -> (6,0)
Ellenőrzés alatt lévő lépés: (7,0) -> (5,0)
Ellenőrzés alatt lévő lépés: (7,0) -> (7,1)
Ellenőrzés alatt lévő lépés: (7,0) -> (7,2)
Ellenőrzés alatt lévő lépés: (7,0) -> (7,3)
Ellenőrzés alatt lévő lépés: (7,0) -> (7,4)
Ellenőrzés alatt lévő lépés: (7,0) -> (7,5)
Ellenőrzés alatt lévő lépés: (7,0) -> (7,6)
Ellenőrzés alatt lévő lépés: (7,0) -> (7,7)
test_rook_capture_enemy passed
All rook tests passed!
<end of output>
Test time =   0.01 sec
----------------------------------------------------------
Test Passed.
"RookTests" end time: Oct 11 12:37 K�z�p-eur�pai ny�ri id�
"RookTests" time elapsed: 00:00:00
----------------------------------------------------------

3/13 Testing: KnightTests
3/13 Test: KnightTests
Command: "C:/Users/melch/OneDrive/Desktop/cpp_ketto/build/basic_piece_tests.exe" "k"
Directory: C:/Users/melch/OneDrive/Desktop/cpp_ketto/build
"KnightTests" start time: Oct 11 12:37 K�z�p-eur�pai ny�ri id�
Output:
----------------------------------------------------------
Ellenőrzés alatt lévő lépés: (7,2) -> (6,1)
Ellenőrzés alatt lévő lépés: (7,2) -> (6,2)
Ellenőrzés alatt lévő lépés: (7,2) -> (6,3)
Ellenőrzés alatt lévő lépés: (7,2) -> (7,1)
Ellenőrzés alatt lévő lépés: (7,2) -> (7,3)
test_king_open_moves passed
Ellenőrzés alatt lévő lépés: (7,2) -> (6,2)
Ellenőrzés alatt lévő lépés: (7,2) -> (6,3)
Ellenőrzés alatt lévő lépés: (7,2) -> (7,1)
Ellenőrzés alatt lévő lépés: (7,2) -> (7,3)
test_king_blocked_by_own_piece passed
Ellenőrzés alatt lévő lépés: (7,2) -> (6,1)
Ellenőrzés alatt lévő lépés: (7,2) -> (6,2)
Ellenőrzés alatt lévő lépés: (7,2) -> (6,3)
Ellenőrzés alatt lévő lépés: (7,2) -> (7,1)
Ellenőrzés alatt lévő lépés: (7,2) -> (7,3)
test_king_capture_enemy passed
All king tests passed!
<end of output>
Test time =   0.02 sec
----------------------------------------------------------
Test Passed.
"KnightTests" end time: Oct 11 12:37 K�z�p-eur�pai ny�ri id�
"KnightTests" time elapsed: 00:00:00
----------------------------------------------------------

4/13 Testing: BishopTests
4/13 Test: BishopTests
Command: "C:/Users/melch/OneDrive/Desktop/cpp_ketto/build/basic_piece_tests.exe" "b"
Directory: C:/Users/melch/OneDrive/Desktop/cpp_ketto/build
"BishopTests" start time: Oct 11 12:37 K�z�p-eur�pai ny�ri id�
Output:
----------------------------------------------------------
Ellenőrzés alatt lévő lépés: (7,2) -> (6,1)
Ellenőrzés alatt lévő lépés: (7,2) -> (5,0)
Ellenőrzés alatt lévő lépés: (7,2) -> (6,3)
Ellenőrzés alatt lévő lépés: (7,2) -> (5,4)
Ellenőrzés alatt lévő lépés: (7,2) -> (4,5)
Ellenőrzés alatt lévő lépés: (7,2) -> (3,6)
Ellenőrzés alatt lévő lépés: (7,2) -> (2,7)
test_bishop_open_diagonals passed
Ellenőrzés alatt lévő lépés: (7,2) -> (6,3)
Ellenőrzés alatt lévő lépés: (7,2) -> (5,4)
Ellenőrzés alatt lévő lépés: (7,2) -> (4,5)
Ellenőrzés alatt lévő lépés: (7,2) -> (3,6)
Ellenőrzés alatt lévő lépés: (7,2) -> (2,7)
test_bishop_blocked_by_own_piece passed
Ellenőrzés alatt lévő lépés: (7,2) -> (6,1)
Ellenőrzés alatt lévő lépés: (7,2) -> (5,0)
Ellenőrzés alatt lévő lépés: (7,2) -> (6,3)
Ellenőrzés alatt lévő lépés: (7,2) -> (5,4)
Ellenőrzés alatt lévő lépés: (7,2) -> (4,5)
Ellenőrzés alatt lévő lépés: (7,2) -> (3,6)
Ellenőrzés alatt lévő lépés: (7,2) -> (2,7)
test_bishop_capture_enemy passed
All bishop tests passed!
<end of output>
Test time =   0.01 sec
----------------------------------------------------------
Test Passed.
"BishopTests" end time: Oct 11 12:37 K�z�p-eur�pai ny�ri id�
"BishopTests" time elapsed: 00:00:00
----------------------------------------------------------

5/13 Testing: QueenTests
5/13 Test: QueenTests
Command: "C:/Users/melch/OneDrive/Desktop/cpp_ketto/build/basic_piece_tests.exe" "q"
Directory: C:/Users/melch/OneDrive/Desktop/cpp_ketto/build
"QueenTests" start time: Oct 11 12:37 K�z�p-eur�pai ny�ri id�
Output:
----------------------------------------------------------
Ellenőrzés alatt lévő lépés: (7,2) -> (6,2)
Ellenőrzés alatt lévő lépés: (7,2) -> (5,2)
Ellenőrzés alatt lévő lépés: (7,2) -> (4,2)
Ellenőrzés alatt lévő lépés: (7,2) -> (3,2)
Ellenőrzés alatt lévő lépés: (7,2) -> (2,2)
Ellenőrzés alatt lévő lépés: (7,2) -> (1,2)
Ellenőrzés alatt lévő lépés: (7,2) -> (0,2)
Ellenőrzés alatt lévő lépés: (7,2) -> (7,1)
Ellenőrzés alatt lévő lépés: (7,2) -> (7,0)
Ellenőrzés alatt lévő lépés: (7,2) -> (7,3)
Ellenőrzés alatt lévő lépés: (7,2) -> (7,4)
Ellenőrzés alatt lévő lépés: (7,2) -> (7,5)
Ellenőrzés alatt lévő lépés: (7,2) -> (7,6)
Ellenőrzés alatt lévő lépés: (7,2) -> (7,7)
Ellenőrzés alatt lévő lépés: (7,2) -> (6,1)
Ellenőrzés alatt lévő lépés: (7,2) -> (5,0)
Ellenőrzés alatt lévő lépés: (7,2) -> (6,3)
Ellenőrzés alatt lévő lépés: (7,2) -> (5,4)
Ellenőrzés alatt lévő lépés: (7,2) -> (4,5)
Ellenőrzés alatt lévő lépés: (7,2) -> (3,6)
Ellenőrzés alatt lévő lépés: (7,2) -> (2,7)
test_queen_open_board passed
Ellenőrzés alatt lévő lépés: (7,2) -> (6,2)
Ellenőrzés alatt lévő lépés: (7,2) -> (5,2)
Ellenőrzés alatt lévő lépés: (7,2) -> (4,2)
Ellenőrzés alatt lévő lépés: (7,2) -> (3,2)
Ellenőrzés alatt lévő lépés: (7,2) -> (2,2)
Ellenőrzés alatt lévő lépés: (7,2) -> (1,2)
Ellenőrzés alatt lévő lépés: (7,2) -> (0,2)
Ellenőrzés alatt lévő lépés: (7,2) -> (7,1)
Ellenőrzés alatt lévő lépés: (7,2) -> (7,0)
Ellenőrzés alatt lévő lépés: (7,2) -> (7,3)
Ellenőrzés alatt lévő lépés: (7,2) -> (7,4)
Ellenőrzés alatt lévő lépés: (7,2) -> (7,5)
Ellenőrzés alatt lévő lépés: (7,2) -> (7,6)
Ellenőrzés alatt lévő lépés: (7,2) -> (7,7)
Ellenőrzés alatt lévő lépés: (7,2) -> (6,3)
Ellenőrzés alatt lévő lépés: (7,2) -> (5,4)
Ellenőrzés alatt lévő lépés: (7,2) -> (4,5)
Ellenőrzés alatt lévő lépés: (7,2) -> (3,6)
Ellenőrzés alatt lévő lépés: (7,2) -> (2,7)
test_queen_blocked_by_own_piece passed
Ellenőrzés alatt lévő lépés: (7,2) -> (6,2)
Ellenőrzés alatt lévő lépés: (7,2) -> (5,2)
Ellenőrzés alatt lévő lépés: (7,2) -> (4,2)
Ellenőrzés alatt lévő lépés: (7,2) -> (3,2)
Ellenőrzés alatt lévő lépés: (7,2) -> (2,2)
Ellenőrzés alatt lévő lépés: (7,2) -> (1,2)
Ellenőrzés alatt lévő lépés: (7,2) -> (0,2)
Ellenőrzés alatt lévő lépés: (7,2) -> (7,1)
Ellenőrzés alatt lévő lépés: (7,2) -> (7,0)
Ellenőrzés alatt lévő lépés: (7,2) -> (7,3)
Ellenőrzés alatt lévő lépés: (7,2) -> (7,4)
Ellenőrzés alatt lévő lépés: (7,2) -> (7,5)
Ellenőrzés alatt lévő lépés: (7,2) -> (7,6)
Ellenőrzés alatt lévő lépés: (7,2) -> (7,7)
Ellenőrzés alatt lévő lépés: (7,2) -> (6,1)
Ellenőrzés alatt lévő lépés: (7,2) -> (5,0)
Ellenőrzés alatt lévő lépés: (7,2) -> (6,3)
Ellenőrzés alatt lévő lépés: (7,2) -> (5,4)
Ellenőrzés alatt lévő lépés: (7,2) -> (4,5)
Ellenőrzés alatt lévő lépés: (7,2) -> (3,6)
Ellenőrzés alatt lévő lépés: (7,2) -> (2,7)
test_queen_capture_enemy passed
All queen tests passed!
<end of output>
Test time =   0.02 sec
----------------------------------------------------------
Test Passed.
"QueenTests" end time: Oct 11 12:37 K�z�p-eur�pai ny�ri id�
"QueenTests" time elapsed: 00:00:00
----------------------------------------------------------

6/13 Testing: KingTests
6/13 Test: KingTests
Command: "C:/Users/melch/OneDrive/Desktop/cpp_ketto/build/basic_piece_tests.exe" "k"
Directory: C:/Users/melch/OneDrive/Desktop/cpp_ketto/build
"KingTests" start time: Oct 11 12:37 K�z�p-eur�pai ny�ri id�
Output:
----------------------------------------------------------
Ellenőrzés alatt lévő lépés: (7,2) -> (6,1)
Ellenőrzés alatt lévő lépés: (7,2) -> (6,2)
Ellenőrzés alatt lévő lépés: (7,2) -> (6,3)
Ellenőrzés alatt lévő lépés: (7,2) -> (7,1)
Ellenőrzés alatt lévő lépés: (7,2) -> (7,3)
test_king_open_moves passed
Ellenőrzés alatt lévő lépés: (7,2) -> (6,2)
Ellenőrzés alatt lévő lépés: (7,2) -> (6,3)
Ellenőrzés alatt lévő lépés: (7,2) -> (7,1)
Ellenőrzés alatt lévő lépés: (7,2) -> (7,3)
test_king_blocked_by_own_piece passed
Ellenőrzés alatt lévő lépés: (7,2) -> (6,1)
Ellenőrzés alatt lévő lépés: (7,2) -> (6,2)
Ellenőrzés alatt lévő lépés: (7,2) -> (6,3)
Ellenőrzés alatt lévő lépés: (7,2) -> (7,1)
Ellenőrzés alatt lévő lépés: (7,2) -> (7,3)
test_king_capture_enemy passed
All king tests passed!
<end of output>
Test time =   0.02 sec
----------------------------------------------------------
Test Passed.
"KingTests" end time: Oct 11 12:37 K�z�p-eur�pai ny�ri id�
"KingTests" time elapsed: 00:00:00
----------------------------------------------------------

7/13 Testing: CastlingTests
7/13 Test: CastlingTests
Command: "C:/Users/melch/OneDrive/Desktop/cpp_ketto/build/special_moves_tests.exe" "castle"
Directory: C:/Users/melch/OneDrive/Desktop/cpp_ketto/build
"CastlingTests" start time: Oct 11 12:37 K�z�p-eur�pai ny�ri id�
Output:
----------------------------------------------------------
Ellenőrzés alatt lévő lépés: (7,4) -> (6,3)
Ellenőrzés alatt lévő lépés: (7,4) -> (6,4)
Ellenőrzés alatt lévő lépés: (7,4) -> (6,5)
Ellenőrzés alatt lévő lépés: (7,4) -> (7,3)
Ellenőrzés alatt lévő lépés: (7,4) -> (7,5)
test_kingside_castling_available passed
Ellenőrzés alatt lévő lépés: (7,4) -> (6,3)
Ellenőrzés alatt lévő lépés: (7,4) -> (6,4)
Ellenőrzés alatt lévő lépés: (7,4) -> (6,5)
Ellenőrzés alatt lévő lépés: (7,4) -> (7,3)
Ellenőrzés alatt lévő lépés: (7,4) -> (7,5)
test_castling_blocked_by_piece passed
Ellenőrzés alatt lévő lépés: (7,4) -> (6,3)
Lépés sakkot eredményezne, kihagyva.
Ellenőrzés alatt lévő lépés: (7,4) -> (6,4)
Ellenőrzés alatt lévő lépés: (7,4) -> (6,5)
Ellenőrzés alatt lévő lépés: (7,4) -> (7,3)
Lépés sakkot eredményezne, kihagyva.
Ellenőrzés alatt lévő lépés: (7,4) -> (7,5)
test_castling_blocked_by_check passed
All castling tests passed!
<end of output>
Test time =   0.06 sec
----------------------------------------------------------
Test Passed.
"CastlingTests" end time: Oct 11 12:37 K�z�p-eur�pai ny�ri id�
"CastlingTests" time elapsed: 00:00:00
----------------------------------------------------------

8/13 Testing: EnPassantTests
8/13 Test: EnPassantTests
Command: "C:/Users/melch/OneDrive/Desktop/cpp_ketto/build/special_moves_tests.exe" "enpassant"
Directory: C:/Users/melch/OneDrive/Desktop/cpp_ketto/build
"EnPassantTests" start time: Oct 11 12:37 K�z�p-eur�pai ny�ri id�
Output:
----------------------------------------------------------
Ellenőrzés alatt lévő lépés: (1,2) -> (2,2)
Ellenőrzés alatt lévő lépés: (1,2) -> (3,2)
Ellenőrzés alatt lévő fél: Fekete
Ellenőrzés alatt lévő lépés: (3,3) -> (2,3)
Ellenőrzés alatt lévő lépés: (3,3) -> (2,2)
Ellenőrzés alatt lévő lépés: (3,3) -> (2,3)
Ellenőrzés alatt lévő lépés: (3,3) -> (2,2)
Ellenőrzés alatt lévő fél: Fehér
test_en_passant passed
All en passant tests passed!
<end of output>
Test time =   0.02 sec
----------------------------------------------------------
Test Passed.
"EnPassantTests" end time: Oct 11 12:37 K�z�p-eur�pai ny�ri id�
"EnPassantTests" time elapsed: 00:00:00
----------------------------------------------------------

9/13 Testing: PromotionTests
9/13 Test: PromotionTests
Command: "C:/Users/melch/OneDrive/Desktop/cpp_ketto/build/special_moves_tests.exe" "promotion"
Directory: C:/Users/melch/OneDrive/Desktop/cpp_ketto/build
"PromotionTests" start time: Oct 11 12:37 K�z�p-eur�pai ny�ri id�
Output:
----------------------------------------------------------
Ellenőrzés alatt lévő lépés: (1,0) -> (0,0)
Ellenőrzés alatt lévő fél: Fehér
test_white_pawn_promotion_to_queen passed
All promotion tests passed!
<end of output>
Test time =   0.02 sec
----------------------------------------------------------
Test Passed.
"PromotionTests" end time: Oct 11 12:37 K�z�p-eur�pai ny�ri id�
"PromotionTests" time elapsed: 00:00:00
----------------------------------------------------------

10/13 Testing: CheckMateTest
10/13 Test: CheckMateTest
Command: "C:/Users/melch/OneDrive/Desktop/cpp_ketto/build/global_tests.exe" "checkmate"
Directory: C:/Users/melch/OneDrive/Desktop/cpp_ketto/build
"CheckMateTest" start time: Oct 11 12:37 K�z�p-eur�pai ny�ri id�
Output:
----------------------------------------------------------
Ellenőrzés alatt lévő fél: Fehér
Király pozíció: (7,4)
Sakkban van-e? Igen
Ellenőrzés alatt lévő lépés: (7,4) -> (6,3)
Lépés sakkot eredményezne, kihagyva.
Ellenőrzés alatt lévő lépés: (7,4) -> (6,4)
Lépés sakkot eredményezne, kihagyva.
Ellenőrzés alatt lévő lépés: (7,4) -> (6,5)
Lépés sakkot eredményezne, kihagyva.
Ellenőrzés alatt lévő lépés: (7,4) -> (7,3)
Lépés sakkot eredményezne, kihagyva.
Ellenőrzés alatt lévő lépés: (7,4) -> (7,5)
Lépés sakkot eredményezne, kihagyva.
test Checkmate passed
<end of output>
Test time =   0.05 sec
----------------------------------------------------------
Test Passed.
"CheckMateTest" end time: Oct 11 12:37 K�z�p-eur�pai ny�ri id�
"CheckMateTest" time elapsed: 00:00:00
----------------------------------------------------------

11/13 Testing: AttackedTest
11/13 Test: AttackedTest
Command: "C:/Users/melch/OneDrive/Desktop/cpp_ketto/build/global_tests.exe" "attacked"
Directory: C:/Users/melch/OneDrive/Desktop/cpp_ketto/build
"AttackedTest" start time: Oct 11 12:37 K�z�p-eur�pai ny�ri id�
Output:
----------------------------------------------------------
testSquareAttacked passed
<end of output>
Test time =   0.02 sec
----------------------------------------------------------
Test Passed.
"AttackedTest" end time: Oct 11 12:37 K�z�p-eur�pai ny�ri id�
"AttackedTest" time elapsed: 00:00:00
----------------------------------------------------------

12/13 Testing: StalemateTest
12/13 Test: StalemateTest
Command: "C:/Users/melch/OneDrive/Desktop/cpp_ketto/build/global_tests.exe" "stalemate"
Directory: C:/Users/melch/OneDrive/Desktop/cpp_ketto/build
"StalemateTest" start time: Oct 11 12:37 K�z�p-eur�pai ny�ri id�
Output:
----------------------------------------------------------
Ellenőrzés alatt lévő lépés: (7,7) -> (6,6)
Lépés sakkot eredményezne, kihagyva.
Ellenőrzés alatt lévő lépés: (7,7) -> (6,7)
Lépés sakkot eredményezne, kihagyva.
Ellenőrzés alatt lévő lépés: (7,7) -> (7,6)
Lépés sakkot eredményezne, kihagyva.
test Stalemate passed
<end of output>
Test time =   0.02 sec
----------------------------------------------------------
Test Passed.
"StalemateTest" end time: Oct 11 12:37 K�z�p-eur�pai ny�ri id�
"StalemateTest" time elapsed: 00:00:00
----------------------------------------------------------

13/13 Testing: WouldBeInCheckTest
13/13 Test: WouldBeInCheckTest
Command: "C:/Users/melch/OneDrive/Desktop/cpp_ketto/build/global_tests.exe" "wouldbeincheck"
Directory: C:/Users/melch/OneDrive/Desktop/cpp_ketto/build
"WouldBeInCheckTest" start time: Oct 11 12:37 K�z�p-eur�pai ny�ri id�
Output:
----------------------------------------------------------
Ellenőrzés alatt lévő lépés: (7,4) -> (6,4)
Lépés sakkot eredményezne, kihagyva.
test wouldBeInCheck passed
<end of output>
Test time =   0.01 sec
----------------------------------------------------------
Test Passed.
"WouldBeInCheckTest" end time: Oct 11 12:37 K�z�p-eur�pai ny�ri id�
"WouldBeInCheckTest" time elapsed: 00:00:00
----------------------------------------------------------

End testing: Oct 11 12:37 K�z�p-eur�pai ny�ri id�
